   1               	# 1 "rts_os/rts_port_asm.S"
   1               	/*===========================================================================
   0               	
   0               	
   2               	|
   3               	|  文件：rts_port_asm.S（avr-gcc）
   4               	|  说明：该文件主要实现任务切换，将上一个任务控制块rts_gb_prev_task_tcb切
   5               	|       当前任务控制块rts_gb_curr_task_tcb
   6               	|
   7               	|  作者：lishanwu  (1508555728@qq.com | SillyMem | 0个错误0个警告)
   8               	|  版本：v2.7
   9               	|  时间：2022.04.11
  10               	|  附加：本文件完全可以使用内联汇编来完成，但是需要引入裸函数__attribu
  11               	|        为了不想写出不伦不类的代码(狗头保命)，这里还是采用纯汇编来编
  12               	|
  13               	===========================================================================*/
  14               	  
  15               	  .extern rts_gb_prev_task_tcb        /* 引入上一任务控制块指针 */
  16               	  .extern rts_gb_curr_task_tcb        /* 引入当前任务控制块指针 */
  17               	
  18               	  .global RTS_PORT_SwitchToNextTask   /* 导出上下文切换函数   */
  19               	
  20               	
  21               	
  22               	/*------------------------------------------------------
  23               	  data段声明--定义数据段--定义一个全局变量作为初始任务标志
  24               	-------------------------------------------------------*/
  25               	  .section .data
  26               	  
  27               	once_entry:
  28 0000 00        	  .byte 0x0
  29               	
  30               	/*------------------------------------------------------
  31               	  text段声明--定义text段--双字节对齐
  32               	-------------------------------------------------------*/
  33               	  .section .text  
  34               	  .align 1
  35               	
  36               	RTS_PORT_SwitchToNextTask:
  37               	  /* 任务切换上半部分  */
  38:rts_os/rts_port_asm.S ****   push  r29       /*< R29入栈   */
  39:rts_os/rts_port_asm.S ****   push  r28       /*< R28入栈   */
  40:rts_os/rts_port_asm.S ****   push	r31
  41:rts_os/rts_port_asm.S ****   push	r30
  42:rts_os/rts_port_asm.S ****   push	r0        /*< R0入栈    */
  43:rts_os/rts_port_asm.S ****   lds	  r0, 0x5f  /*< SREG入栈  */
  44:rts_os/rts_port_asm.S ****   push	r0
  45:rts_os/rts_port_asm.S ****   lds	  r0, 0x5B  /*< RAMPZ入栈 */
  46:rts_os/rts_port_asm.S ****   push	r0
  47:rts_os/rts_port_asm.S ****   push  r16       /*< R16入栈   */
  48:rts_os/rts_port_asm.S ****   push	r17       /*< R17入栈   */
  49:rts_os/rts_port_asm.S ****   push  r18       /*< ...入栈   */
  50:rts_os/rts_port_asm.S ****   push	r19
  51:rts_os/rts_port_asm.S ****   push  r20
  52:rts_os/rts_port_asm.S ****   push	r21
  53:rts_os/rts_port_asm.S ****   push  r22
  54:rts_os/rts_port_asm.S ****   push	r23
  55:rts_os/rts_port_asm.S ****   push	r24
  56:rts_os/rts_port_asm.S ****   push  r25
  57:rts_os/rts_port_asm.S ****   push	r26
  58:rts_os/rts_port_asm.S ****   push	r27
  59:rts_os/rts_port_asm.S ****   push  r1        /* 可以不push，r1===0  */
  60:rts_os/rts_port_asm.S ****   push  r2
  61:rts_os/rts_port_asm.S ****   push	r3
  62:rts_os/rts_port_asm.S ****   push  r4
  63:rts_os/rts_port_asm.S ****   push	r5
  64:rts_os/rts_port_asm.S ****   push  r6
  65:rts_os/rts_port_asm.S ****   push	r7
  66:rts_os/rts_port_asm.S ****   push  r8
  67:rts_os/rts_port_asm.S ****   push	r9
  68:rts_os/rts_port_asm.S ****   push  r10
  69:rts_os/rts_port_asm.S ****   push	r11
  70:rts_os/rts_port_asm.S ****   push  r12
  71:rts_os/rts_port_asm.S ****   push	r13
  72:rts_os/rts_port_asm.S ****   push  r14
  73:rts_os/rts_port_asm.S ****   push	r15
  74               	  
  75               	  /* 判断是否为初次任务，如果是，则跳转到set_rtsgbonceentry_to_1 */
  76:rts_os/rts_port_asm.S ****   lds   r30, once_entry
  77:rts_os/rts_port_asm.S ****   cpi   r30, 0
  78:rts_os/rts_port_asm.S ****   breq  set_onceentry_to_1
  79               	
  80               	
  81               	  /*< 将SP保存到上一任务的SP  */
  82:rts_os/rts_port_asm.S ****   lds   r30, rts_gb_prev_task_tcb
  83:rts_os/rts_port_asm.S ****   lds   r31, rts_gb_prev_task_tcb+1
  84:rts_os/rts_port_asm.S ****   in    r24, 0x3d
  85:rts_os/rts_port_asm.S ****   in    r25, 0x3e
  86:rts_os/rts_port_asm.S ****   std   Z+1, r25
  87:rts_os/rts_port_asm.S ****   st    Z,   r24
  88               	
  89               	  /* rts_gb_prev_task_tcb = rts_gb_curr_task_tcb  */
  90:rts_os/rts_port_asm.S ****   lds   r26, rts_gb_curr_task_tcb
  91:rts_os/rts_port_asm.S ****   lds   r27, rts_gb_curr_task_tcb+1
  92:rts_os/rts_port_asm.S ****   sts   rts_gb_prev_task_tcb,  r26
  93:rts_os/rts_port_asm.S ****   sts   rts_gb_prev_task_tcb+1,r27
  94               	
  95               	set_onceentry_to_1:
  96:rts_os/rts_port_asm.S ****   ldi   r30, 1
  97:rts_os/rts_port_asm.S ****   sts   once_entry,  r30
  98               	
  99               	switch_bottom:
 100               	  /* 任务切换下半部分  */
 101               	  /*< 将SP指向下一个要运行的任务SP   */
 102:rts_os/rts_port_asm.S ****   lds  r30,rts_gb_curr_task_tcb
 103:rts_os/rts_port_asm.S ****   lds  r31,rts_gb_curr_task_tcb+1
 104:rts_os/rts_port_asm.S ****   ldd  r25, Z+1
 105:rts_os/rts_port_asm.S ****   ld   r24, Z
 106:rts_os/rts_port_asm.S ****   out  0x3d,r24
 107:rts_os/rts_port_asm.S ****   out  0x3e,r25
 108               	  
 109:rts_os/rts_port_asm.S ****   pop	  r15     /*< 各寄存器出栈，恢复任务环境   */
 110:rts_os/rts_port_asm.S ****   pop   r14
 111:rts_os/rts_port_asm.S ****   pop	  r13
 112:rts_os/rts_port_asm.S ****   pop   r12
 113:rts_os/rts_port_asm.S ****   pop	  r11
 114:rts_os/rts_port_asm.S ****   pop   r10
 115:rts_os/rts_port_asm.S ****   pop	  r9
 116:rts_os/rts_port_asm.S ****   pop   r8
 117:rts_os/rts_port_asm.S ****   pop	  r7
 118:rts_os/rts_port_asm.S ****   pop   r6
 119:rts_os/rts_port_asm.S ****   pop	  r5
 120:rts_os/rts_port_asm.S ****   pop   r4
 121:rts_os/rts_port_asm.S ****   pop	  r3
 122:rts_os/rts_port_asm.S ****   pop   r2
 123:rts_os/rts_port_asm.S ****   pop   r1
 124:rts_os/rts_port_asm.S ****   pop	  r27
 125:rts_os/rts_port_asm.S ****   pop	  r26
 126:rts_os/rts_port_asm.S ****   pop   r25
 127:rts_os/rts_port_asm.S ****   pop	  r24
 128:rts_os/rts_port_asm.S ****   pop	  r23
 129:rts_os/rts_port_asm.S ****   pop   r22
 130:rts_os/rts_port_asm.S ****   pop	  r21
 131:rts_os/rts_port_asm.S ****   pop   r20
 132:rts_os/rts_port_asm.S ****   pop	  r19
 133:rts_os/rts_port_asm.S ****   pop   r18
 134:rts_os/rts_port_asm.S ****   pop	  r17
 135:rts_os/rts_port_asm.S ****   pop   r16
 136:rts_os/rts_port_asm.S ****   pop	  r0
 137:rts_os/rts_port_asm.S ****   sts	  0x5B, r0   /*< RAMPZ出栈    */
 138:rts_os/rts_port_asm.S ****   pop   r0         /*< SREG出栈     */
 139:rts_os/rts_port_asm.S ****   sts   0x5f, r0
 140:rts_os/rts_port_asm.S ****   pop	  r0
 141:rts_os/rts_port_asm.S ****   pop	  r30
 142:rts_os/rts_port_asm.S ****   pop	  r31
 143:rts_os/rts_port_asm.S ****   pop	  r28
 144:rts_os/rts_port_asm.S ****   pop	  r29
 145:rts_os/rts_port_asm.S ****   ret
DEFINED SYMBOLS
rts_os/rts_port_asm.S:36     .text:00000000 RTS_PORT_SwitchToNextTask
rts_os/rts_port_asm.S:27     .data:00000000 once_entry
rts_os/rts_port_asm.S:95     .text:00000074 set_onceentry_to_1
rts_os/rts_port_asm.S:99     .text:0000007a switch_bottom

UNDEFINED SYMBOLS
rts_gb_prev_task_tcb
rts_gb_curr_task_tcb
